<?xml version="1.0" encoding="utf-8"?><testsuites name="pytest tests"><testsuite name="pytest" errors="0" failures="0" skipped="0" tests="14" time="4.265" timestamp="2026-04-25T07:44:33.619881+00:00" hostname="agent-env-26774f44-55fd-403c-b821-402948915f70"><testcase classname="tests.test_paywall_api.TestPublic" name="test_config" time="0.144" /><testcase classname="tests.test_paywall_api.TestPublic" name="test_root" time="0.051" /><testcase classname="tests.test_paywall_api.TestAuth" name="test_register_creates_user" time="0.935" /><testcase classname="tests.test_paywall_api.TestAuth" name="test_register_duplicate_409" time="0.049" /><testcase classname="tests.test_paywall_api.TestAuth" name="test_login_success" time="0.276" /><testcase classname="tests.test_paywall_api.TestAuth" name="test_login_wrong_password" time="0.962" /><testcase classname="tests.test_paywall_api.TestAuth" name="test_me_with_token" time="0.050" /><testcase classname="tests.test_paywall_api.TestAuth" name="test_me_without_token" time="0.197" /><testcase classname="tests.test_paywall_api.TestOTP" name="test_otp_wrong_code" time="0.054" /><testcase classname="tests.test_paywall_api.TestOTP" name="test_otp_resend_rotates_code" time="0.607" /><testcase classname="tests.test_paywall_api.TestOTP" name="test_otp_verify_success" time="0.112" /><testcase classname="tests.test_paywall_api.TestGate" name="test_subscription_check_no_active" time="0.368" /><testcase classname="tests.test_paywall_api.TestGate" name="test_gated_url_402_when_no_subscription" time="0.053" /><testcase classname="tests.test_paywall_api.TestGate" name="test_gated_url_403_when_email_not_verified" time="0.325" /></testsuite></testsuites>